<?xml version="1.0" encoding="UTF-8"?>
<!-- Generated by org.testng.reporters.JUnitReportReporter -->
<testsuite skipped="0" hostname="DESKTOP-PK6UCFF" name="Package2.RegPageTest" tests="1" failures="0" timestamp="28 Nov 2019 14:35:28 GMT" time="2.839" errors="0">
  <testcase name="verifySsize" time="2.839" classname="Package2.RegPageTest"/>
</testsuite> <!-- Package2.RegPageTest -->
